TN:
SF:script/DeployRaffle.s.sol
FN:10,DeployRaffle.run
FNDA:0,DeployRaffle.run
DA:11,0
DA:12,0
DA:21,0
DA:23,0
BRDA:23,0,0,-
BRDA:23,0,1,-
DA:24,0
DA:25,0
DA:30,0
DA:31,0
DA:39,0
DA:40,0
DA:48,0
DA:50,0
DA:51,0
DA:58,0
FNF:1
FNH:0
LF:14
LH:0
BRF:2
BRH:0
end_of_record
TN:
SF:script/HelperConfig.s.sol
FN:32,HelperConfig.getSepoliaConfig
FNDA:0,HelperConfig.getSepoliaConfig
DA:33,0
DA:44,0
FN:47,HelperConfig.getOrCreateAnvilEthConfig
FNDA:0,HelperConfig.getOrCreateAnvilEthConfig
DA:48,0
BRDA:48,0,0,-
BRDA:48,0,1,-
DA:49,0
DA:52,0
DA:53,0
DA:55,0
DA:56,0
DA:61,0
DA:62,0
DA:64,0
DA:75,0
FNF:2
FNH:0
LF:12
LH:0
BRF:2
BRH:0
end_of_record
TN:
SF:script/Interactions.s.sol
FN:46,FundSubscription.fundSubscriptionUsingConfig
FNDA:0,FundSubscription.fundSubscriptionUsingConfig
DA:47,0
DA:48,0
DA:57,0
DA:58,0
FN:61,FundSubscription.fundSubscription
FNDA:0,FundSubscription.fundSubscription
DA:67,0
DA:68,0
DA:69,0
DA:71,0
BRDA:71,0,0,-
BRDA:71,0,1,-
DA:72,0
DA:73,0
DA:77,0
DA:79,0
DA:80,0
DA:81,0
DA:82,0
DA:83,0
DA:84,0
DA:89,0
FN:93,FundSubscription.run
FNDA:0,FundSubscription.run
DA:94,0
FN:99,AddConsumer.addConsumer
FNDA:0,AddConsumer.addConsumer
DA:105,0
DA:106,0
DA:107,0
DA:108,0
DA:109,0
DA:113,0
FN:116,AddConsumer.addConsumerUsingConfig
FNDA:0,AddConsumer.addConsumerUsingConfig
DA:117,0
DA:118,0
DA:127,0
DA:128,0
FN:131,AddConsumer.run
FNDA:0,AddConsumer.run
DA:132,0
DA:136,0
FN:13,CreateSubscription.createSubscriptionUsingConfig
FNDA:0,CreateSubscription.createSubscriptionUsingConfig
DA:14,0
DA:15,0
DA:18,0
FN:21,CreateSubscription.createSubscription
FNDA:0,CreateSubscription.createSubscription
DA:25,0
DA:27,0
DA:28,0
DA:30,0
DA:32,0
DA:33,0
DA:35,0
FN:38,CreateSubscription.run
FNDA:0,CreateSubscription.run
DA:39,0
FNF:9
FNH:0
LF:42
LH:0
BRF:2
BRH:0
end_of_record
TN:
SF:src/Raffle.sol
FN:59,Raffle.enterRaffle
FNDA:17,Raffle.enterRaffle
DA:60,17
BRDA:60,0,0,1
BRDA:60,0,1,16
DA:62,16
BRDA:62,1,0,1
BRDA:62,1,1,15
DA:64,15
DA:65,15
FN:72,Raffle.checkUpkeep
FNDA:4,Raffle.checkUpkeep
DA:80,10
DA:81,10
DA:82,10
DA:83,10
DA:85,10
DA:86,10
FN:89,Raffle.performUpkeep
FNDA:6,Raffle.performUpkeep
DA:90,6
DA:91,6
BRDA:91,2,0,1
BRDA:91,2,1,5
DA:93,5
BRDA:93,3,0,-
BRDA:93,3,1,5
DA:94,5
DA:99,5
DA:107,5
FN:110,Raffle.fulfillRandomWords
FNDA:1,Raffle.fulfillRandomWords
DA:116,1
DA:117,1
DA:119,1
DA:120,1
DA:122,1
DA:123,1
DA:126,1
DA:127,1
BRDA:127,4,0,-
BRDA:127,4,1,1
DA:129,1
FN:132,Raffle.getEntranceFee
FNDA:0,Raffle.getEntranceFee
DA:133,0
FN:136,Raffle.getRaffleState
FNDA:3,Raffle.getRaffleState
DA:137,3
FN:140,Raffle.getNumWords
FNDA:0,Raffle.getNumWords
DA:141,0
FN:144,Raffle.getRequestConfirmations
FNDA:0,Raffle.getRequestConfirmations
DA:145,0
FN:148,Raffle.getRecentWinner
FNDA:1,Raffle.getRecentWinner
DA:149,1
FN:152,Raffle.getPlayer
FNDA:1,Raffle.getPlayer
DA:153,1
FN:156,Raffle.getLastTimeStamp
FNDA:2,Raffle.getLastTimeStamp
DA:157,2
FN:160,Raffle.getInterval
FNDA:0,Raffle.getInterval
DA:161,0
FN:164,Raffle.getNumberOfPlayers
FNDA:0,Raffle.getNumberOfPlayers
DA:165,0
FNF:13
FNH:8
LF:34
LH:29
BRF:10
BRH:8
end_of_record
TN:
SF:test/mocks/LinkToken.sol
FN:37,LinkToken.transferAndCall
FNDA:0,LinkToken.transferAndCall
DA:42,0
DA:44,0
DA:45,0
BRDA:45,0,0,-
BRDA:45,0,1,-
DA:46,0
DA:48,0
FN:53,LinkToken.contractFallback
FNDA:0,LinkToken.contractFallback
DA:58,0
DA:59,0
FN:62,LinkToken.isContract
FNDA:0,LinkToken.isContract
DA:63,0
DA:65,0
DA:67,0
FNF:3
FNH:0
LF:10
LH:0
BRF:2
BRH:0
end_of_record
