TN:
SF:script/DeployDsc.s.sol
FN:14,DeployDsc.run
FNDA:0,DeployDsc.run
DA:15,0
DA:17,0
DA:18,0
DA:20,0
DA:21,0
DA:23,0
DA:24,0
DA:25,0
DA:27,0
DA:28,0
DA:30,0
FNF:1
FNH:0
LF:11
LH:0
BRF:0
BRH:0
end_of_record
TN:
SF:script/HelperConfig.s.sol
FN:35,HelperConfig.getSepoliaNetworkConfig
FNDA:0,HelperConfig.getSepoliaNetworkConfig
DA:36,0
FN:45,HelperConfig.getOrCreateAnvilEthConfig
FNDA:0,HelperConfig.getOrCreateAnvilEthConfig
DA:46,0
BRDA:46,0,0,-
BRDA:46,0,1,-
DA:47,0
DA:50,0
DA:51,0
DA:52,0
DA:54,0
DA:55,0
DA:56,0
DA:58,0
FNF:2
FNH:0
LF:10
LH:0
BRF:2
BRH:0
end_of_record
TN:
SF:src/DSCEngine.sol
FN:113,DSCEngine.depositCollateralAndMintDSC
FNDA:4,DSCEngine.depositCollateralAndMintDSC
DA:116,4
DA:117,4
FN:124,DSCEngine.depositCollateral
FNDA:10,DSCEngine.depositCollateral
DA:130,12
DA:131,12
DA:133,12
DA:134,12
BRDA:134,0,0,1
BRDA:134,0,1,11
DA:135,1
FN:142,DSCEngine.redeemCollateralForDSC
FNDA:1,DSCEngine.redeemCollateralForDSC
DA:145,1
DA:146,1
FN:153,DSCEngine.redeemCollateral
FNDA:2,DSCEngine.redeemCollateral
DA:158,3
DA:159,2
FN:165,DSCEngine.mintDsc
FNDA:2,DSCEngine.mintDsc
DA:166,6
DA:167,6
DA:169,5
DA:170,5
BRDA:170,1,0,1
BRDA:170,1,1,4
DA:171,1
FN:175,DSCEngine.burnDsc
FNDA:2,DSCEngine.burnDsc
DA:176,3
DA:177,2
FN:198,DSCEngine.liquidate
FNDA:0,DSCEngine.liquidate
DA:204,0
DA:205,0
BRDA:205,2,0,-
BRDA:205,2,1,-
DA:206,0
DA:214,0
DA:217,0
DA:218,0
DA:219,0
DA:221,0
DA:223,0
DA:225,0
BRDA:225,3,0,-
BRDA:225,3,1,-
DA:226,0
DA:230,0
FN:233,DSCEngine.getHealthFactor
FNDA:0,DSCEngine.getHealthFactor
FN:242,DSCEngine._burnDsc
FNDA:3,DSCEngine._burnDsc
DA:243,3
DA:244,2
DA:245,2
BRDA:245,4,0,-
BRDA:245,4,1,2
DA:246,0
DA:249,2
FN:252,DSCEngine._redeemCollateral
FNDA:3,DSCEngine._redeemCollateral
DA:253,3
DA:254,3
DA:256,3
DA:258,3
BRDA:258,5,0,1
BRDA:258,5,1,2
DA:259,1
FN:263,DSCEngine._getAccountInformation
FNDA:12,DSCEngine._getAccountInformation
DA:268,12
DA:269,12
FN:276,DSCEngine._healthFactor
FNDA:11,DSCEngine._healthFactor
DA:277,11
DA:279,11
FN:282,DSCEngine._calculateHealthFactor
FNDA:12,DSCEngine._calculateHealthFactor
DA:288,12
BRDA:288,6,0,4
BRDA:288,6,1,8
DA:297,8
DA:298,8
DA:299,8
FN:302,DSCEngine._revertIfHealthFactorIsBroken
FNDA:10,DSCEngine._revertIfHealthFactorIsBroken
DA:303,10
DA:304,10
BRDA:304,7,0,1
BRDA:304,7,1,9
DA:305,1
FN:313,DSCEngine.getTokenAmountFromUsd
FNDA:2,DSCEngine.getTokenAmountFromUsd
DA:316,2
DA:317,2
DA:319,2
FN:322,DSCEngine.getAccountCollateralValue
FNDA:0,DSCEngine.getAccountCollateralValue
DA:323,12
DA:324,23
DA:325,23
DA:326,23
FN:330,DSCEngine.getUsdValue
FNDA:2,DSCEngine.getUsdValue
DA:331,25
DA:332,25
DA:333,25
FN:336,DSCEngine.getAccountInformation
FNDA:1,DSCEngine.getAccountInformation
DA:341,1
FN:344,DSCEngine.getCollateralBalanceOfUser
FNDA:1,DSCEngine.getCollateralBalanceOfUser
DA:345,1
FN:348,DSCEngine.getPrecision
FNDA:2,DSCEngine.getPrecision
DA:349,2
FN:352,DSCEngine.getAdditionalFeedPrecision
FNDA:2,DSCEngine.getAdditionalFeedPrecision
DA:353,2
FN:356,DSCEngine.getFeedPercision
FNDA:1,DSCEngine.getFeedPercision
DA:357,1
FN:360,DSCEngine.getHealthFactor
FNDA:1,DSCEngine.getHealthFactor
DA:361,1
FN:364,DSCEngine.calculateHealthFactor
FNDA:1,DSCEngine.calculateHealthFactor
DA:369,1
FNF:24
FNH:21
LF:68
LH:55
BRF:16
BRH:11
end_of_record
TN:
SF:src/StableCoin.sol
FN:20,StableCoin.burn
FNDA:0,StableCoin.burn
DA:21,0
DA:23,0
BRDA:23,0,0,-
BRDA:23,0,1,-
DA:24,0
DA:27,0
BRDA:27,1,0,-
BRDA:27,1,1,-
DA:28,0
DA:31,0
FN:34,StableCoin.mint
FNDA:0,StableCoin.mint
DA:35,0
BRDA:35,2,0,-
BRDA:35,2,1,-
DA:36,0
DA:39,0
BRDA:39,3,0,-
BRDA:39,3,1,-
DA:40,0
DA:43,0
DA:45,0
FNF:2
FNH:0
LF:12
LH:0
BRF:8
BRH:0
end_of_record
TN:
SF:test/mocks/MockFailedMintDSC.sol
FN:21,MockFailedMintDSC.burn
FNDA:2,MockFailedMintDSC.burn
DA:22,2
DA:23,2
BRDA:23,0,0,-
BRDA:23,0,1,2
DA:24,0
DA:26,2
BRDA:26,1,0,-
BRDA:26,1,1,2
DA:27,0
DA:29,2
FN:32,MockFailedMintDSC.mint
FNDA:5,MockFailedMintDSC.mint
DA:33,5
BRDA:33,2,0,-
BRDA:33,2,1,5
DA:34,0
DA:36,5
BRDA:36,3,0,-
BRDA:36,3,1,5
DA:37,0
DA:39,5
DA:40,5
FNF:2
FNH:2
LF:12
LH:8
BRF:8
BRH:4
end_of_record
TN:
SF:test/mocks/MockFailedTransfer.sol
FN:21,MockFailedTransfer.burn
FNDA:0,MockFailedTransfer.burn
DA:22,0
DA:23,0
BRDA:23,0,0,-
BRDA:23,0,1,-
DA:24,0
DA:26,0
BRDA:26,1,0,-
BRDA:26,1,1,-
DA:27,0
DA:29,0
FN:32,MockFailedTransfer.mint
FNDA:1,MockFailedTransfer.mint
DA:33,1
FN:36,MockFailedTransfer.transfer
FNDA:1,MockFailedTransfer.transfer
DA:37,0
FNF:3
FNH:2
LF:8
LH:1
BRF:4
BRH:0
end_of_record
TN:
SF:test/mocks/MockFailedTransferFrom.sol
FN:21,MockFailedTransferFrom.burn
FNDA:0,MockFailedTransferFrom.burn
DA:22,0
DA:23,0
BRDA:23,0,0,-
BRDA:23,0,1,-
DA:24,0
DA:26,0
BRDA:26,1,0,-
BRDA:26,1,1,-
DA:27,0
DA:29,0
FN:32,MockFailedTransferFrom.mint
FNDA:1,MockFailedTransferFrom.mint
DA:33,1
FN:36,MockFailedTransferFrom.transferFrom
FNDA:1,MockFailedTransferFrom.transferFrom
DA:42,0
FNF:3
FNH:2
LF:8
LH:1
BRF:4
BRH:0
end_of_record
TN:
SF:test/mocks/MockV3Aggregator.sol
FN:29,MockV3Aggregator.updateAnswer
FNDA:0,MockV3Aggregator.updateAnswer
DA:30,0
DA:31,0
DA:32,0
DA:33,0
DA:34,0
DA:35,0
FN:38,MockV3Aggregator.updateRoundData
FNDA:0,MockV3Aggregator.updateRoundData
DA:39,0
DA:40,0
DA:41,0
DA:42,0
DA:43,0
DA:44,0
FN:47,MockV3Aggregator.getRoundData
FNDA:0,MockV3Aggregator.getRoundData
DA:52,0
FN:55,MockV3Aggregator.latestRoundData
FNDA:29,MockV3Aggregator.latestRoundData
DA:60,29
FN:69,MockV3Aggregator.description
FNDA:0,MockV3Aggregator.description
DA:70,0
FNF:5
FNH:1
LF:15
LH:1
BRF:0
BRH:0
end_of_record
